0 info it worked if it ends with ok
1 verbose cli [ '/usr/local/bin/node',
1 verbose cli   '/usr/local/bin/npm',
1 verbose cli   'install',
1 verbose cli   'json-server',
1 verbose cli   '-g' ]
2 info using npm@1.4.21
3 info using node@v0.10.30
4 verbose cache add [ 'json-server', null ]
5 verbose cache add name=undefined spec="json-server" args=["json-server",null]
6 verbose parsed url { protocol: null,
6 verbose parsed url   slashes: null,
6 verbose parsed url   auth: null,
6 verbose parsed url   host: null,
6 verbose parsed url   port: null,
6 verbose parsed url   hostname: null,
6 verbose parsed url   hash: null,
6 verbose parsed url   search: null,
6 verbose parsed url   query: null,
6 verbose parsed url   pathname: 'json-server',
6 verbose parsed url   path: 'json-server',
6 verbose parsed url   href: 'json-server' }
7 silly lockFile 9f215afd-json-server json-server
8 verbose lock json-server /home/training/.npm/9f215afd-json-server.lock
9 silly lockFile 9f215afd-json-server json-server
10 silly lockFile 9f215afd-json-server json-server
11 verbose addNamed [ 'json-server', '' ]
12 verbose addNamed [ null, '*' ]
13 silly lockFile 6624355a-json-server json-server@
14 verbose lock json-server@ /home/training/.npm/6624355a-json-server.lock
15 silly addNameRange { name: 'json-server', range: '*', hasData: false }
16 verbose request where is /json-server
17 verbose request registry https://registry.npmjs.org/
18 verbose request id 0966b0c5e75654c1
19 verbose url raw /json-server
20 verbose url resolving [ 'https://registry.npmjs.org/', './json-server' ]
21 verbose url resolved https://registry.npmjs.org/json-server
22 verbose request where is https://registry.npmjs.org/json-server
23 info trying registry request attempt 1 at 18:55:05
24 verbose etag "1CVAG62C8KAMCCYXF9MCPVS9K"
25 http GET https://registry.npmjs.org/json-server
26 http 304 https://registry.npmjs.org/json-server
27 silly registry.get cb [ 304,
27 silly registry.get   { date: 'Mon, 04 Apr 2016 07:46:25 GMT',
27 silly registry.get     via: '1.1 varnish',
27 silly registry.get     'cache-control': 'max-age=300',
27 silly registry.get     etag: '"1CVAG62C8KAMCCYXF9MCPVS9K"',
27 silly registry.get     age: '94',
27 silly registry.get     connection: 'keep-alive',
27 silly registry.get     'x-served-by': 'cache-dfw1836-DFW',
27 silly registry.get     'x-cache': 'HIT',
27 silly registry.get     'x-cache-hits': '2',
27 silly registry.get     'x-timer': 'S1459755985.036631,VS0,VE0',
27 silly registry.get     vary: 'Accept' } ]
28 verbose etag https://registry.npmjs.org/json-server from cache
29 silly addNameRange number 2 { name: 'json-server', range: '*', hasData: true }
30 silly addNameRange versions [ 'json-server',
30 silly addNameRange   [ '0.0.0',
30 silly addNameRange     '0.1.0',
30 silly addNameRange     '0.1.1',
30 silly addNameRange     '0.2.0',
30 silly addNameRange     '0.3.0',
30 silly addNameRange     '0.3.1',
30 silly addNameRange     '0.3.2',
30 silly addNameRange     '0.3.3',
30 silly addNameRange     '0.3.4',
30 silly addNameRange     '0.3.5',
30 silly addNameRange     '0.3.6',
30 silly addNameRange     '0.3.7',
30 silly addNameRange     '0.3.8',
30 silly addNameRange     '0.3.9',
30 silly addNameRange     '0.3.10',
30 silly addNameRange     '0.3.11',
30 silly addNameRange     '0.4.0',
30 silly addNameRange     '0.4.1',
30 silly addNameRange     '0.4.2',
30 silly addNameRange     '0.5.0',
30 silly addNameRange     '0.5.1',
30 silly addNameRange     '0.5.2',
30 silly addNameRange     '0.5.4',
30 silly addNameRange     '0.5.5',
30 silly addNameRange     '0.5.6',
30 silly addNameRange     '0.5.7',
30 silly addNameRange     '0.5.8',
30 silly addNameRange     '0.5.9',
30 silly addNameRange     '0.5.10',
30 silly addNameRange     '0.5.11',
30 silly addNameRange     '0.5.12',
30 silly addNameRange     '0.6.0',
30 silly addNameRange     '0.6.1',
30 silly addNameRange     '0.6.2',
30 silly addNameRange     '0.6.3',
30 silly addNameRange     '0.6.4',
30 silly addNameRange     '0.6.5',
30 silly addNameRange     '0.6.6',
30 silly addNameRange     '0.6.7',
30 silly addNameRange     '0.6.8',
30 silly addNameRange     '0.6.9',
30 silly addNameRange     '0.6.10',
30 silly addNameRange     '0.7.0',
30 silly addNameRange     '0.7.1',
30 silly addNameRange     '0.7.2',
30 silly addNameRange     '0.7.3',
30 silly addNameRange     '0.7.4',
30 silly addNameRange     '0.7.5',
30 silly addNameRange     '0.7.6',
30 silly addNameRange     '0.7.7',
30 silly addNameRange     '0.7.8',
30 silly addNameRange     '0.7.9',
30 silly addNameRange     '0.7.10',
30 silly addNameRange     '0.7.11',
30 silly addNameRange     '0.7.12',
30 silly addNameRange     '0.7.13',
30 silly addNameRange     '0.7.14',
30 silly addNameRange     '0.7.15',
30 silly addNameRange     '0.7.16',
30 silly addNameRange     '0.7.17',
30 silly addNameRange     '0.7.18',
30 silly addNameRange     '0.7.19',
30 silly addNameRange     '0.7.20',
30 silly addNameRange     '0.7.21',
30 silly addNameRange     '0.7.23',
30 silly addNameRange     '0.7.24',
30 silly addNameRange     '0.7.25',
30 silly addNameRange     '0.7.26',
30 silly addNameRange     '0.7.27',
30 silly addNameRange     '0.7.28',
30 silly addNameRange     '0.8.0',
30 silly addNameRange     '0.8.1',
30 silly addNameRange     '0.8.2',
30 silly addNameRange     '0.8.3',
30 silly addNameRange     '0.8.4',
30 silly addNameRange     '0.8.5',
30 silly addNameRange     '0.8.6',
30 silly addNameRange     '0.8.7',
30 silly addNameRange     '0.8.8',
30 silly addNameRange     '0.8.9' ] ]
31 verbose addNamed [ 'json-server', '0.8.9' ]
32 verbose addNamed [ '0.8.9', '0.8.9' ]
33 silly lockFile e1684f0e-json-server-0-8-9 json-server@0.8.9
34 verbose lock json-server@0.8.9 /home/training/.npm/e1684f0e-json-server-0-8-9.lock
35 silly lockFile e1684f0e-json-server-0-8-9 json-server@0.8.9
36 silly lockFile e1684f0e-json-server-0-8-9 json-server@0.8.9
37 silly lockFile 6624355a-json-server json-server@
38 silly lockFile 6624355a-json-server json-server@
39 silly resolved [ { name: 'json-server',
39 silly resolved     version: '0.8.9',
39 silly resolved     description: 'Serves JSON files through REST routes.',
39 silly resolved     main: './src/server/index.js',
39 silly resolved     bin: { 'json-server': './bin/index.js' },
39 silly resolved     directories: { test: 'test' },
39 silly resolved     dependencies:
39 silly resolved      { 'body-parser': '^1.8.1',
39 silly resolved        chalk: '^0.4.0',
39 silly resolved        compression: '^1.6.0',
39 silly resolved        'connect-pause': '^0.1.0',
39 silly resolved        cors: '^2.3.0',
39 silly resolved        errorhandler: '^1.2.0',
39 silly resolved        express: '^4.9.5',
39 silly resolved        got: '^3.3.0',
39 silly resolved        lodash: '^3.9.2',
39 silly resolved        lowdb: '^0.10.0',
39 silly resolved        'method-override': '^2.1.2',
39 silly resolved        morgan: '^1.3.1',
39 silly resolved        'node-uuid': '^1.4.2',
39 silly resolved        'object-assign': '^4.0.1',
39 silly resolved        pluralize: '^1.1.2',
39 silly resolved        'server-destroy': '^1.0.1',
39 silly resolved        'underscore-db': '^0.9.1',
39 silly resolved        'update-notifier': '^0.5.0',
39 silly resolved        yargs: '^4.2.0' },
39 silly resolved     devDependencies:
39 silly resolved      { husky: '^0.11.4',
39 silly resolved        mocha: '^2.2.4',
39 silly resolved        rimraf: '^2.4.1',
39 silly resolved        'server-ready': '^0.2.0',
39 silly resolved        standard: '^3.8.0',
39 silly resolved        supertest: '~0.8.1' },
39 silly resolved     scripts:
39 silly resolved      { test: 'npm run test:cli && npm run test:server && standard',
39 silly resolved        'test:cli': 'NODE_ENV=test mocha -R spec test/cli/*.js',
39 silly resolved        'test:server': 'NODE_ENV=test mocha -R spec test/server/*.js',
39 silly resolved        start: 'node bin',
39 silly resolved        prepush: 'npm t' },
39 silly resolved     repository:
39 silly resolved      { type: 'git',
39 silly resolved        url: 'git://github.com/typicode/json-server.git' },
39 silly resolved     keywords:
39 silly resolved      [ 'JSON',
39 silly resolved        'server',
39 silly resolved        'fake',
39 silly resolved        'REST',
39 silly resolved        'API',
39 silly resolved        'prototyping',
39 silly resolved        'mock',
39 silly resolved        'mocking',
39 silly resolved        'test',
39 silly resolved        'testing',
39 silly resolved        'rest',
39 silly resolved        'data',
39 silly resolved        'dummy',
39 silly resolved        'sandbox' ],
39 silly resolved     author: { name: 'Typicode', email: 'typicode@gmail.com' },
39 silly resolved     license: 'MIT',
39 silly resolved     bugs: { url: 'https://github.com/typicode/json-server/issues' },
39 silly resolved     homepage: 'https://github.com/typicode/json-server',
39 silly resolved     gitHead: '00512149c4be637b948f32d44ba8d56480c96e44',
39 silly resolved     _id: 'json-server@0.8.9',
39 silly resolved     _shasum: '9799833186011e9ade0f2e661d0a3309949c8d3d',
39 silly resolved     _from: 'json-server@',
39 silly resolved     _npmVersion: '3.7.4',
39 silly resolved     _nodeVersion: '5.6.0',
39 silly resolved     _npmUser: { name: 'typicode', email: 'typicode@gmail.com' },
39 silly resolved     maintainers: [ [Object] ],
39 silly resolved     dist:
39 silly resolved      { shasum: '9799833186011e9ade0f2e661d0a3309949c8d3d',
39 silly resolved        tarball: 'https://registry.npmjs.org/json-server/-/json-server-0.8.9.tgz' },
39 silly resolved     _npmOperationalInternal:
39 silly resolved      { host: 'packages-12-west.internal.npmjs.com',
39 silly resolved        tmp: 'tmp/json-server-0.8.9.tgz_1458249163015_0.8063819797243923' },
39 silly resolved     _resolved: 'https://registry.npmjs.org/json-server/-/json-server-0.8.9.tgz',
39 silly resolved     readme: 'ERROR: No README data found!' } ]
40 info install json-server@0.8.9 into /usr/local/lib
41 info installOne json-server@0.8.9
42 verbose lib/node_modules/json-server unbuild
43 verbose tar unpack /home/training/.npm/json-server/0.8.9/package.tgz
44 silly lockFile 6688241f-cal-lib-node-modules-json-server tar:///usr/local/lib/node_modules/json-server
45 verbose lock tar:///usr/local/lib/node_modules/json-server /home/training/.npm/6688241f-cal-lib-node-modules-json-server.lock
46 silly lockFile 9e56e023-pm-json-server-0-8-9-package-tgz tar:///home/training/.npm/json-server/0.8.9/package.tgz
47 verbose lock tar:///home/training/.npm/json-server/0.8.9/package.tgz /home/training/.npm/9e56e023-pm-json-server-0-8-9-package-tgz.lock
48 silly gunzTarPerm modes [ '775', '664' ]
49 error Error: EACCES, mkdir '/usr/local/lib/node_modules/json-server'
49 error  { [Error: EACCES, mkdir '/usr/local/lib/node_modules/json-server']
49 error   errno: 3,
49 error   code: 'EACCES',
49 error   path: '/usr/local/lib/node_modules/json-server',
49 error   fstream_type: 'Directory',
49 error   fstream_path: '/usr/local/lib/node_modules/json-server',
49 error   fstream_class: 'DirWriter',
49 error   fstream_stack:
49 error    [ '/usr/local/lib/node_modules/npm/node_modules/fstream/lib/dir-writer.js:36:23',
49 error      '/usr/local/lib/node_modules/npm/node_modules/mkdirp/index.js:37:53',
49 error      'Object.oncomplete (fs.js:107:15)' ] }
50 error Please try running this command again as root/Administrator.
51 error System Linux 2.6.32-431.el6.i686
52 error command "/usr/local/bin/node" "/usr/local/bin/npm" "install" "json-server" "-g"
53 error cwd /home/training/Angular_01_Apr/ZeOmega-Angular-Apr-2016/Day-03/03-BugTracker-Server
54 error node -v v0.10.30
55 error npm -v 1.4.21
56 error path /usr/local/lib/node_modules/json-server
57 error fstream_path /usr/local/lib/node_modules/json-server
58 error fstream_type Directory
59 error fstream_class DirWriter
60 error code EACCES
61 error errno 3
62 error stack Error: EACCES, mkdir '/usr/local/lib/node_modules/json-server'
63 error fstream_stack /usr/local/lib/node_modules/npm/node_modules/fstream/lib/dir-writer.js:36:23
63 error fstream_stack /usr/local/lib/node_modules/npm/node_modules/mkdirp/index.js:37:53
63 error fstream_stack Object.oncomplete (fs.js:107:15)
64 verbose exit [ 3, true ]
